AGK2Template/build/intermediates/manifest_merge_blame_file/debug/manifest-merger-blame-debug-report.txt
1<?xml version="1.0" encoding="utf-8"?>
2<manifest xmlns:android="http://schemas.android.com/apk/res/android"
3    package="com.mycompany.mytemplate"
4    android:installLocation="auto"
5    android:versionCode="51"
6    android:versionName="2.0.21" >
7
8    <uses-sdk
8-->src\main\AndroidManifest.xml:26:5-92
9        android:minSdkVersion="16"
9-->src\main\AndroidManifest.xml:26:5-92
10        android:targetSdkVersion="30" />
10-->src\main\AndroidManifest.xml:26:5-92
11
12    <uses-feature android:glEsVersion="0x00020000" />
12-->src\main\AndroidManifest.xml:6:5-67
12-->src\main\AndroidManifest.xml:6:19-51
13
14    <uses-permission android:name="android.permission.WRITE_EXTERNAL_STORAGE" />
14-->src\main\AndroidManifest.xml:8:5-81
14-->src\main\AndroidManifest.xml:8:22-78
15    <uses-permission android:name="android.permission.READ_EXTERNAL_STORAGE" />
15-->src\main\AndroidManifest.xml:9:5-80
15-->src\main\AndroidManifest.xml:9:22-77
16    <uses-permission android:name="android.permission.ACCESS_NETWORK_STATE" />
16-->src\main\AndroidManifest.xml:10:5-78
16-->src\main\AndroidManifest.xml:10:22-76
17    <uses-permission android:name="android.permission.ACCESS_WIFI_STATE" />
17-->src\main\AndroidManifest.xml:11:5-75
17-->src\main\AndroidManifest.xml:11:22-73
18    <uses-permission android:name="android.permission.INTERNET" />
18-->src\main\AndroidManifest.xml:12:5-83
18-->src\main\AndroidManifest.xml:12:22-64
19    <uses-permission android:name="android.permission.WAKE_LOCK" />
19-->src\main\AndroidManifest.xml:13:5-84
19-->src\main\AndroidManifest.xml:13:22-65
20    <uses-permission android:name="android.permission.CAMERA" />
20-->src\main\AndroidManifest.xml:14:5-65
20-->src\main\AndroidManifest.xml:14:22-62
21    <uses-permission android:name="com.google.android.c2dm.permission.RECEIVE" />
21-->src\main\AndroidManifest.xml:15:5-82
21-->src\main\AndroidManifest.xml:15:22-79
22    <uses-permission android:name="android.permission.ACCESS_FINE_LOCATION" />
22-->src\main\AndroidManifest.xml:16:5-79
22-->src\main\AndroidManifest.xml:16:22-76
23    <uses-permission android:name="android.permission.VIBRATE" />
23-->src\main\AndroidManifest.xml:17:5-66
23-->src\main\AndroidManifest.xml:17:22-63
24
25    <uses-feature
25-->src\main\AndroidManifest.xml:19:5-87
26        android:name="android.hardware.location"
26-->src\main\AndroidManifest.xml:19:19-59
27        android:required="false" />
27-->src\main\AndroidManifest.xml:19:60-84
28    <uses-feature
28-->src\main\AndroidManifest.xml:20:5-91
29        android:name="android.hardware.location.gps"
29-->src\main\AndroidManifest.xml:20:19-63
30        android:required="false" />
30-->src\main\AndroidManifest.xml:20:64-88
31    <uses-feature
31-->src\main\AndroidManifest.xml:21:5-85
32        android:name="android.hardware.camera"
32-->src\main\AndroidManifest.xml:21:19-57
33        android:required="false" />
33-->src\main\AndroidManifest.xml:21:58-82
34    <uses-feature
34-->src\main\AndroidManifest.xml:22:5-90
35        android:name="android.hardware.touchscreen"
35-->src\main\AndroidManifest.xml:22:19-62
36        android:required="false" />
36-->src\main\AndroidManifest.xml:22:63-87
37    <uses-feature
37-->src\main\AndroidManifest.xml:23:5-86
38        android:name="android.hardware.gamepad"
38-->src\main\AndroidManifest.xml:23:19-58
39        android:required="false" />
39-->src\main\AndroidManifest.xml:23:59-83
40    <uses-feature
40-->src\main\AndroidManifest.xml:24:5-89
41        android:name="android.hardware.microphone"
41-->src\main\AndroidManifest.xml:24:19-61
42        android:required="false" />
42-->src\main\AndroidManifest.xml:24:62-86
43    <!-- Android package visibility setting -->
44    <queries>
44-->[com.google.android.gms:play-services-ads-lite:20.1.0] AndroidManifest.xml:27:5-43:15
45
46        <!-- For browser content -->
47        <intent>
47-->[com.google.android.gms:play-services-ads-lite:20.1.0] AndroidManifest.xml:30:9-36:18
48            <action android:name="android.intent.action.VIEW" />
48-->[com.google.android.gms:play-services-ads-lite:20.1.0] AndroidManifest.xml:31:13-65
48-->[com.google.android.gms:play-services-ads-lite:20.1.0] AndroidManifest.xml:31:21-62
49
50            <category android:name="android.intent.category.BROWSABLE" />
50-->[com.google.android.gms:play-services-ads-lite:20.1.0] AndroidManifest.xml:33:13-74
50-->[com.google.android.gms:play-services-ads-lite:20.1.0] AndroidManifest.xml:33:23-71
51
52            <data android:scheme="https" />
52-->[com.google.android.gms:play-services-ads-lite:20.1.0] AndroidManifest.xml:35:13-44
52-->[com.google.android.gms:play-services-ads-lite:20.1.0] AndroidManifest.xml:35:19-41
53        </intent>
54        <!-- End of browser content -->
55        <!-- For CustomTabsService -->
56        <intent>
56-->[com.google.android.gms:play-services-ads-lite:20.1.0] AndroidManifest.xml:39:9-41:18
57            <action android:name="android.support.customtabs.action.CustomTabsService" />
57-->[com.google.android.gms:play-services-ads-lite:20.1.0] AndroidManifest.xml:40:13-90
57-->[com.google.android.gms:play-services-ads-lite:20.1.0] AndroidManifest.xml:40:21-87
58        </intent>
59        <!-- End of CustomTabsService -->
60        <package android:name="com.google.ar.core" />
60-->[com.google.ar:core:1.20.0] AndroidManifest.xml:30:9-54
60-->[com.google.ar:core:1.20.0] AndroidManifest.xml:30:18-51
61    </queries>
62
63    <uses-permission android:name="android.permission.RECEIVE_BOOT_COMPLETED" /> <!-- Permission will be merged into the manifest of the hosting app. -->
63-->[androidx.work:work-runtime:2.1.0] AndroidManifest.xml:27:5-81
63-->[androidx.work:work-runtime:2.1.0] AndroidManifest.xml:27:22-78
64    <!-- Is required to launch foreground extraction service for targetSdkVersion 28+. -->
65    <uses-permission android:name="android.permission.FOREGROUND_SERVICE" />
65-->[com.google.android.play:core:1.10.0] AndroidManifest.xml:8:3-74
65-->[com.google.android.play:core:1.10.0] AndroidManifest.xml:8:20-72
66    <uses-permission android:name="com.android.vending.BILLING" />
66-->[com.android.billingclient:billing:3.0.3] AndroidManifest.xml:10:5-67
66-->[com.android.billingclient:billing:3.0.3] AndroidManifest.xml:10:22-64
67    <uses-permission android:name="com.google.android.finsky.permission.BIND_GET_INSTALL_REFERRER_SERVICE" />
67-->[com.google.android.gms:play-services-measurement:19.0.0] AndroidManifest.xml:26:5-110
67-->[com.google.android.gms:play-services-measurement:19.0.0] AndroidManifest.xml:26:22-107
68
69    <application
69-->src\main\AndroidManifest.xml:28:5-93:19
70        android:appComponentFactory="androidx.core.app.CoreComponentFactory"
70-->[androidx.core:core:1.5.0] AndroidManifest.xml:24:18-86
71        android:debuggable="true"
72        android:hardwareAccelerated="true"
72-->src\main\AndroidManifest.xml:32:18-52
73        android:hasCode="true"
73-->src\main\AndroidManifest.xml:29:18-40
74        android:icon="@drawable/icon"
74-->src\main\AndroidManifest.xml:31:18-47
75        android:label="@string/app_name"
75-->src\main\AndroidManifest.xml:28:18-50
76        android:testOnly="true"
77        android:theme="@style/AGKTheme" >
77-->src\main\AndroidManifest.xml:30:18-49
78        <meta-data
78-->src\main\AndroidManifest.xml:34:9-36:69
79            android:name="com.google.android.gms.version"
79-->src\main\AndroidManifest.xml:35:13-58
80            android:value="@integer/google_play_services_version" />
80-->src\main\AndroidManifest.xml:36:13-66
81        <meta-data
81-->src\main\AndroidManifest.xml:38:9-39:52
82            android:name="com.google.android.gms.games.APP_ID"
82-->src\main\AndroidManifest.xml:38:20-70
83            android:value="@string/games_app_id" />
83-->src\main\AndroidManifest.xml:39:13-49
84        <meta-data
84-->src\main\AndroidManifest.xml:41:9-42:52
85            android:name="com.google.android.gms.ads.APPLICATION_ID"
85-->src\main\AndroidManifest.xml:41:20-76
86            android:value="@string/admob_app_id" />
86-->src\main\AndroidManifest.xml:42:13-49
87        <meta-data
87-->src\main\AndroidManifest.xml:44:9-45:35
88            android:name="com.google.android.gms.ads.DELAY_APP_MEASUREMENT_INIT"
88-->src\main\AndroidManifest.xml:44:20-88
89            android:value="true" />
89-->src\main\AndroidManifest.xml:45:13-33
90        <meta-data
90-->src\main\AndroidManifest.xml:47:9-104
91            android:name="com.snapchat.kit.sdk.clientId"
91-->src\main\AndroidManifest.xml:47:20-64
92            android:value="@string/snap_chat_id" />
92-->src\main\AndroidManifest.xml:47:65-101
93        <meta-data
93-->src\main\AndroidManifest.xml:49:9-99
94            android:name="com.facebook.sdk.AutoLogAppEventsEnabled"
94-->src\main\AndroidManifest.xml:49:20-75
95            android:value="false" />
95-->src\main\AndroidManifest.xml:49:76-97
96        <meta-data
96-->src\main\AndroidManifest.xml:51:9-81
97            android:name="com.google.ar.core"
97-->src\main\AndroidManifest.xml:51:20-53
98            android:value="optional" />
98-->src\main\AndroidManifest.xml:51:54-78
99        <meta-data
99-->src\main\AndroidManifest.xml:53:9-54:55
100            android:name="com.google.firebase.messaging.default_notification_icon"
100-->src\main\AndroidManifest.xml:53:20-90
101            android:resource="@drawable/icon_white" />
101-->src\main\AndroidManifest.xml:54:13-52
102
103        <activity
103-->src\main\AndroidManifest.xml:56:9-70:20
104            android:name="com.thegamecreators.agk_player.AGKActivity"
104-->src\main\AndroidManifest.xml:56:19-76
105            android:configChanges="keyboard|keyboardHidden|layoutDirection|locale|navigation|orientation|screenLayout|uiMode|screenSize|smallestScreenSize"
105-->src\main\AndroidManifest.xml:58:19-162
106            android:label="@string/app_name"
106-->src\main\AndroidManifest.xml:57:19-51
107            android:launchMode="singleTask"
107-->src\main\AndroidManifest.xml:61:19-50
108            android:screenOrientation="fullSensor"
108-->src\main\AndroidManifest.xml:59:19-57
109            android:theme="@style/AGKTheme" >
109-->src\main\AndroidManifest.xml:60:19-50
110            <meta-data
110-->src\main\AndroidManifest.xml:63:13-93
111                android:name="android.app.lib_name"
111-->src\main\AndroidManifest.xml:63:24-59
112                android:value="android_player" />
112-->src\main\AndroidManifest.xml:63:60-90
113
114            <intent-filter>
114-->src\main\AndroidManifest.xml:65:13-69:29
115                <action android:name="android.intent.action.MAIN" />
115-->src\main\AndroidManifest.xml:66:17-69
115-->src\main\AndroidManifest.xml:66:25-66
116
117                <category android:name="android.intent.category.LAUNCHER" />
117-->src\main\AndroidManifest.xml:67:17-77
117-->src\main\AndroidManifest.xml:67:27-74
118                <category android:name="android.intent.category.LEANBACK_LAUNCHER" />
118-->src\main\AndroidManifest.xml:68:17-86
118-->src\main\AndroidManifest.xml:68:27-83
119            </intent-filter>
120        </activity>
121        <activity
121-->src\main\AndroidManifest.xml:72:3-74:68
122            android:name="com.google.android.gms.ads.AdActivity"
122-->src\main\AndroidManifest.xml:72:13-65
123            android:configChanges="keyboard|keyboardHidden|orientation|screenLayout|uiMode|screenSize|smallestScreenSize"
123-->src\main\AndroidManifest.xml:73:18-127
124            android:exported="false"
124-->[com.google.android.gms:play-services-ads-lite:20.1.0] AndroidManifest.xml:51:13-37
125            android:theme="@android:style/Theme.Translucent" />
125-->src\main\AndroidManifest.xml:74:18-66
126
127        <service android:name="com.thegamecreators.agk_player.NotificationService" >
127-->src\main\AndroidManifest.xml:76:9-80:19
127-->src\main\AndroidManifest.xml:76:18-83
128            <intent-filter>
128-->src\main\AndroidManifest.xml:77:13-79:29
129                <action android:name="com.google.firebase.MESSAGING_EVENT" />
129-->src\main\AndroidManifest.xml:78:17-77
129-->src\main\AndroidManifest.xml:78:25-75
130            </intent-filter>
131        </service>
132
133        <receiver android:name="com.thegamecreators.agk_player.NotificationAlarmReceiver" />
133-->src\main\AndroidManifest.xml:82:9-93
133-->src\main\AndroidManifest.xml:82:19-90
134
135        <provider
136            android:name="androidx.core.content.FileProvider"
136-->src\main\AndroidManifest.xml:85:13-62
137            android:authorities="com.mycompany.mytemplate.fileprovider"
137-->src\main\AndroidManifest.xml:86:13-64
138            android:exported="false"
138-->src\main\AndroidManifest.xml:87:13-37
139            android:grantUriPermissions="true" >
139-->src\main\AndroidManifest.xml:88:13-47
140            <meta-data
140-->src\main\AndroidManifest.xml:89:13-91:57
141                android:name="android.support.FILE_PROVIDER_PATHS"
141-->src\main\AndroidManifest.xml:90:17-67
142                android:resource="@xml/provider_paths" />
142-->src\main\AndroidManifest.xml:91:17-55
143        </provider>
144
145        <activity
145-->[com.google.android.gms:play-services-auth:19.0.0] AndroidManifest.xml:23:9-27:75
146            android:name="com.google.android.gms.auth.api.signin.internal.SignInHubActivity"
146-->[com.google.android.gms:play-services-auth:19.0.0] AndroidManifest.xml:24:13-93
147            android:excludeFromRecents="true"
147-->[com.google.android.gms:play-services-auth:19.0.0] AndroidManifest.xml:25:13-46
148            android:exported="false"
148-->[com.google.android.gms:play-services-auth:19.0.0] AndroidManifest.xml:26:13-37
149            android:theme="@android:style/Theme.Translucent.NoTitleBar" />
149-->[com.google.android.gms:play-services-auth:19.0.0] AndroidManifest.xml:27:13-72
150        <!--
151            Service handling Google Sign-In user revocation. For apps that do not integrate with
152            Google Sign-In, this service will never be started.
153        -->
154        <service
154-->[com.google.android.gms:play-services-auth:19.0.0] AndroidManifest.xml:33:9-37:51
155            android:name="com.google.android.gms.auth.api.signin.RevocationBoundService"
155-->[com.google.android.gms:play-services-auth:19.0.0] AndroidManifest.xml:34:13-89
156            android:exported="true"
156-->[com.google.android.gms:play-services-auth:19.0.0] AndroidManifest.xml:35:13-36
157            android:permission="com.google.android.gms.auth.api.signin.permission.REVOCATION_NOTIFICATION"
157-->[com.google.android.gms:play-services-auth:19.0.0] AndroidManifest.xml:36:13-107
158            android:visibleToInstantApps="true" />
158-->[com.google.android.gms:play-services-auth:19.0.0] AndroidManifest.xml:37:13-48
159
160        <activity
160-->[com.chartboost:chartboost-sdk:8.2.1] AndroidManifest.xml:12:9-17:86
161            android:name="com.chartboost.sdk.CBImpressionActivity"
161-->[com.chartboost:chartboost-sdk:8.2.1] AndroidManifest.xml:13:13-67
162            android:configChanges="keyboardHidden|orientation|screenSize"
162-->[com.chartboost:chartboost-sdk:8.2.1] AndroidManifest.xml:14:13-74
163            android:excludeFromRecents="true"
163-->[com.chartboost:chartboost-sdk:8.2.1] AndroidManifest.xml:15:13-46
164            android:hardwareAccelerated="true"
164-->[com.chartboost:chartboost-sdk:8.2.1] AndroidManifest.xml:16:13-47
165            android:theme="@android:style/Theme.Translucent.NoTitleBar.Fullscreen" />
165-->[com.chartboost:chartboost-sdk:8.2.1] AndroidManifest.xml:17:13-83
166
167        <provider
167-->[com.google.android.gms:play-services-ads-lite:20.1.0] AndroidManifest.xml:54:9-58:39
168            android:name="com.google.android.gms.ads.MobileAdsInitProvider"
168-->[com.google.android.gms:play-services-ads-lite:20.1.0] AndroidManifest.xml:55:13-76
169            android:authorities="com.mycompany.mytemplate.mobileadsinitprovider"
169-->[com.google.android.gms:play-services-ads-lite:20.1.0] AndroidManifest.xml:56:13-73
170            android:exported="false"
170-->[com.google.android.gms:play-services-ads-lite:20.1.0] AndroidManifest.xml:57:13-37
171            android:initOrder="100" />
171-->[com.google.android.gms:play-services-ads-lite:20.1.0] AndroidManifest.xml:58:13-36
172
173        <service
173-->[com.google.android.gms:play-services-ads-lite:20.1.0] AndroidManifest.xml:60:9-63:40
174            android:name="com.google.android.gms.ads.AdService"
174-->[com.google.android.gms:play-services-ads-lite:20.1.0] AndroidManifest.xml:61:13-64
175            android:enabled="true"
175-->[com.google.android.gms:play-services-ads-lite:20.1.0] AndroidManifest.xml:62:13-35
176            android:exported="false" />
176-->[com.google.android.gms:play-services-ads-lite:20.1.0] AndroidManifest.xml:63:13-37
177
178        <provider
178-->[androidx.work:work-runtime:2.1.0] AndroidManifest.xml:30:9-36:35
179            android:name="androidx.work.impl.WorkManagerInitializer"
179-->[androidx.work:work-runtime:2.1.0] AndroidManifest.xml:31:13-69
180            android:authorities="com.mycompany.mytemplate.workmanager-init"
180-->[androidx.work:work-runtime:2.1.0] AndroidManifest.xml:32:13-68
181            android:directBootAware="false"
181-->[androidx.work:work-runtime:2.1.0] AndroidManifest.xml:33:13-44
182            android:exported="false"
182-->[androidx.work:work-runtime:2.1.0] AndroidManifest.xml:34:13-37
183            android:multiprocess="true" />
183-->[androidx.work:work-runtime:2.1.0] AndroidManifest.xml:35:13-40
184
185        <service
185-->[androidx.work:work-runtime:2.1.0] AndroidManifest.xml:38:9-43:35
186            android:name="androidx.work.impl.background.systemalarm.SystemAlarmService"
186-->[androidx.work:work-runtime:2.1.0] AndroidManifest.xml:39:13-88
187            android:directBootAware="false"
187-->[androidx.work:work-runtime:2.1.0] AndroidManifest.xml:40:13-44
188            android:enabled="@bool/enable_system_alarm_service_default"
188-->[androidx.work:work-runtime:2.1.0] AndroidManifest.xml:41:13-72
189            android:exported="false" />
189-->[androidx.work:work-runtime:2.1.0] AndroidManifest.xml:42:13-37
190        <service
190-->[androidx.work:work-runtime:2.1.0] AndroidManifest.xml:44:9-50:35
191            android:name="androidx.work.impl.background.systemjob.SystemJobService"
191-->[androidx.work:work-runtime:2.1.0] AndroidManifest.xml:45:13-84
192            android:directBootAware="false"
192-->[androidx.work:work-runtime:2.1.0] AndroidManifest.xml:46:13-44
193            android:enabled="@bool/enable_system_job_service_default"
193-->[androidx.work:work-runtime:2.1.0] AndroidManifest.xml:47:13-70
194            android:exported="true"
194-->[androidx.work:work-runtime:2.1.0] AndroidManifest.xml:48:13-36
195            android:permission="android.permission.BIND_JOB_SERVICE" />
195-->[androidx.work:work-runtime:2.1.0] AndroidManifest.xml:49:13-69
196
197        <receiver
197-->[androidx.work:work-runtime:2.1.0] AndroidManifest.xml:52:9-57:35
198            android:name="androidx.work.impl.utils.ForceStopRunnable$BroadcastReceiver"
198-->[androidx.work:work-runtime:2.1.0] AndroidManifest.xml:53:13-88
199            android:directBootAware="false"
199-->[androidx.work:work-runtime:2.1.0] AndroidManifest.xml:54:13-44
200            android:enabled="true"
200-->[androidx.work:work-runtime:2.1.0] AndroidManifest.xml:55:13-35
201            android:exported="false" />
201-->[androidx.work:work-runtime:2.1.0] AndroidManifest.xml:56:13-37
202        <receiver
202-->[androidx.work:work-runtime:2.1.0] AndroidManifest.xml:58:9-68:20
203            android:name="androidx.work.impl.background.systemalarm.ConstraintProxy$BatteryChargingProxy"
203-->[androidx.work:work-runtime:2.1.0] AndroidManifest.xml:59:13-106
204            android:directBootAware="false"
204-->[androidx.work:work-runtime:2.1.0] AndroidManifest.xml:60:13-44
205            android:enabled="false"
205-->[androidx.work:work-runtime:2.1.0] AndroidManifest.xml:61:13-36
206            android:exported="false" >
206-->[androidx.work:work-runtime:2.1.0] AndroidManifest.xml:62:13-37
207            <intent-filter>
207-->[androidx.work:work-runtime:2.1.0] AndroidManifest.xml:64:13-67:29
208                <action android:name="android.intent.action.ACTION_POWER_CONNECTED" />
208-->[androidx.work:work-runtime:2.1.0] AndroidManifest.xml:65:17-87
208-->[androidx.work:work-runtime:2.1.0] AndroidManifest.xml:65:25-84
209                <action android:name="android.intent.action.ACTION_POWER_DISCONNECTED" />
209-->[androidx.work:work-runtime:2.1.0] AndroidManifest.xml:66:17-90
209-->[androidx.work:work-runtime:2.1.0] AndroidManifest.xml:66:25-87
210            </intent-filter>
211        </receiver>
212        <receiver
212-->[androidx.work:work-runtime:2.1.0] AndroidManifest.xml:69:9-79:20
213            android:name="androidx.work.impl.background.systemalarm.ConstraintProxy$BatteryNotLowProxy"
213-->[androidx.work:work-runtime:2.1.0] AndroidManifest.xml:70:13-104
214            android:directBootAware="false"
214-->[androidx.work:work-runtime:2.1.0] AndroidManifest.xml:71:13-44
215            android:enabled="false"
215-->[androidx.work:work-runtime:2.1.0] AndroidManifest.xml:72:13-36
216            android:exported="false" >
216-->[androidx.work:work-runtime:2.1.0] AndroidManifest.xml:73:13-37
217            <intent-filter>
217-->[androidx.work:work-runtime:2.1.0] AndroidManifest.xml:75:13-78:29
218                <action android:name="android.intent.action.BATTERY_OKAY" />
218-->[androidx.work:work-runtime:2.1.0] AndroidManifest.xml:76:17-77
218-->[androidx.work:work-runtime:2.1.0] AndroidManifest.xml:76:25-74
219                <action android:name="android.intent.action.BATTERY_LOW" />
219-->[androidx.work:work-runtime:2.1.0] AndroidManifest.xml:77:17-76
219-->[androidx.work:work-runtime:2.1.0] AndroidManifest.xml:77:25-73
220            </intent-filter>
221        </receiver>
222        <receiver
222-->[androidx.work:work-runtime:2.1.0] AndroidManifest.xml:80:9-90:20
223            android:name="androidx.work.impl.background.systemalarm.ConstraintProxy$StorageNotLowProxy"
223-->[androidx.work:work-runtime:2.1.0] AndroidManifest.xml:81:13-104
224            android:directBootAware="false"
224-->[androidx.work:work-runtime:2.1.0] AndroidManifest.xml:82:13-44
225            android:enabled="false"
225-->[androidx.work:work-runtime:2.1.0] AndroidManifest.xml:83:13-36
226            android:exported="false" >
226-->[androidx.work:work-runtime:2.1.0] AndroidManifest.xml:84:13-37
227            <intent-filter>
227-->[androidx.work:work-runtime:2.1.0] AndroidManifest.xml:86:13-89:29
228                <action android:name="android.intent.action.DEVICE_STORAGE_LOW" />
228-->[androidx.work:work-runtime:2.1.0] AndroidManifest.xml:87:17-83
228-->[androidx.work:work-runtime:2.1.0] AndroidManifest.xml:87:25-80
229                <action android:name="android.intent.action.DEVICE_STORAGE_OK" />
229-->[androidx.work:work-runtime:2.1.0] AndroidManifest.xml:88:17-82
229-->[androidx.work:work-runtime:2.1.0] AndroidManifest.xml:88:25-79
230            </intent-filter>
231        </receiver>
232        <receiver
232-->[androidx.work:work-runtime:2.1.0] AndroidManifest.xml:91:9-100:20
233            android:name="androidx.work.impl.background.systemalarm.ConstraintProxy$NetworkStateProxy"
233-->[androidx.work:work-runtime:2.1.0] AndroidManifest.xml:92:13-103
234            android:directBootAware="false"
234-->[androidx.work:work-runtime:2.1.0] AndroidManifest.xml:93:13-44
235            android:enabled="false"
235-->[androidx.work:work-runtime:2.1.0] AndroidManifest.xml:94:13-36
236            android:exported="false" >
236-->[androidx.work:work-runtime:2.1.0] AndroidManifest.xml:95:13-37
237            <intent-filter>
237-->[androidx.work:work-runtime:2.1.0] AndroidManifest.xml:97:13-99:29
238                <action android:name="android.net.conn.CONNECTIVITY_CHANGE" />
238-->[androidx.work:work-runtime:2.1.0] AndroidManifest.xml:98:17-79
238-->[androidx.work:work-runtime:2.1.0] AndroidManifest.xml:98:25-76
239            </intent-filter>
240        </receiver>
241        <receiver
241-->[androidx.work:work-runtime:2.1.0] AndroidManifest.xml:101:9-112:20
242            android:name="androidx.work.impl.background.systemalarm.RescheduleReceiver"
242-->[androidx.work:work-runtime:2.1.0] AndroidManifest.xml:102:13-88
243            android:directBootAware="false"
243-->[androidx.work:work-runtime:2.1.0] AndroidManifest.xml:103:13-44
244            android:enabled="false"
244-->[androidx.work:work-runtime:2.1.0] AndroidManifest.xml:104:13-36
245            android:exported="false" >
245-->[androidx.work:work-runtime:2.1.0] AndroidManifest.xml:105:13-37
246            <intent-filter>
246-->[androidx.work:work-runtime:2.1.0] AndroidManifest.xml:107:13-111:29
247                <action android:name="android.intent.action.BOOT_COMPLETED" />
247-->[androidx.work:work-runtime:2.1.0] AndroidManifest.xml:108:17-79
247-->[androidx.work:work-runtime:2.1.0] AndroidManifest.xml:108:25-76
248                <action android:name="android.intent.action.TIME_SET" />
248-->[androidx.work:work-runtime:2.1.0] AndroidManifest.xml:109:17-73
248-->[androidx.work:work-runtime:2.1.0] AndroidManifest.xml:109:25-70
249                <action android:name="android.intent.action.TIMEZONE_CHANGED" />
249-->[androidx.work:work-runtime:2.1.0] AndroidManifest.xml:110:17-81
249-->[androidx.work:work-runtime:2.1.0] AndroidManifest.xml:110:25-78
250            </intent-filter>
251        </receiver>
252        <receiver
252-->[androidx.work:work-runtime:2.1.0] AndroidManifest.xml:113:9-122:20
253            android:name="androidx.work.impl.background.systemalarm.ConstraintProxyUpdateReceiver"
253-->[androidx.work:work-runtime:2.1.0] AndroidManifest.xml:114:13-99
254            android:directBootAware="false"
254-->[androidx.work:work-runtime:2.1.0] AndroidManifest.xml:115:13-44
255            android:enabled="@bool/enable_system_alarm_service_default"
255-->[androidx.work:work-runtime:2.1.0] AndroidManifest.xml:116:13-72
256            android:exported="false" >
256-->[androidx.work:work-runtime:2.1.0] AndroidManifest.xml:117:13-37
257            <intent-filter>
257-->[androidx.work:work-runtime:2.1.0] AndroidManifest.xml:119:13-121:29
258                <action android:name="androidx.work.impl.background.systemalarm.UpdateProxies" />
258-->[androidx.work:work-runtime:2.1.0] AndroidManifest.xml:120:17-98
258-->[androidx.work:work-runtime:2.1.0] AndroidManifest.xml:120:25-95
259            </intent-filter>
260        </receiver> <!-- The minimal version code of ARCore APK required for an app using this SDK. -->
261        <meta-data
261-->[com.google.ar:core:1.20.0] AndroidManifest.xml:36:9-38:41
262            android:name="com.google.ar.core.min_apk_version"
262-->[com.google.ar:core:1.20.0] AndroidManifest.xml:37:13-62
263            android:value="202470000" /> <!-- This activity is critical for installing ARCore when it is not already present. -->
263-->[com.google.ar:core:1.20.0] AndroidManifest.xml:38:13-38
264        <activity
264-->[com.google.ar:core:1.20.0] AndroidManifest.xml:40:9-46:80
265            android:name="com.google.ar.core.InstallActivity"
265-->[com.google.ar:core:1.20.0] AndroidManifest.xml:41:13-62
266            android:configChanges="keyboardHidden|orientation|screenSize"
266-->[com.google.ar:core:1.20.0] AndroidManifest.xml:42:13-74
267            android:excludeFromRecents="true"
267-->[com.google.ar:core:1.20.0] AndroidManifest.xml:43:13-46
268            android:exported="false"
268-->[com.google.ar:core:1.20.0] AndroidManifest.xml:44:13-37
269            android:launchMode="singleTop"
269-->[com.google.ar:core:1.20.0] AndroidManifest.xml:45:13-43
270            android:theme="@android:style/Theme.Material.Light.Dialog.Alert" />
270-->[com.google.ar:core:1.20.0] AndroidManifest.xml:46:13-77
271
272        <receiver
272-->[com.google.firebase:firebase-messaging:22.0.0] AndroidManifest.xml:28:9-35:20
273            android:name="com.google.firebase.iid.FirebaseInstanceIdReceiver"
273-->[com.google.firebase:firebase-messaging:22.0.0] AndroidManifest.xml:29:13-78
274            android:exported="true"
274-->[com.google.firebase:firebase-messaging:22.0.0] AndroidManifest.xml:30:13-36
275            android:permission="com.google.android.c2dm.permission.SEND" >
275-->[com.google.firebase:firebase-messaging:22.0.0] AndroidManifest.xml:31:13-73
276            <intent-filter>
276-->[com.google.firebase:firebase-messaging:22.0.0] AndroidManifest.xml:32:13-34:29
277                <action android:name="com.google.android.c2dm.intent.RECEIVE" />
277-->[com.google.firebase:firebase-messaging:22.0.0] AndroidManifest.xml:33:17-81
277-->[com.google.firebase:firebase-messaging:22.0.0] AndroidManifest.xml:33:25-78
278            </intent-filter>
279        </receiver>
280        <!--
281             FirebaseMessagingService performs security checks at runtime,
282             but set to not exported to explicitly avoid allowing another app to call it.
283        -->
284        <service
284-->[com.google.firebase:firebase-messaging:22.0.0] AndroidManifest.xml:41:9-48:19
285            android:name="com.google.firebase.messaging.FirebaseMessagingService"
285-->[com.google.firebase:firebase-messaging:22.0.0] AndroidManifest.xml:42:13-82
286            android:directBootAware="true"
286-->[com.google.firebase:firebase-messaging:22.0.0] AndroidManifest.xml:43:13-43
287            android:exported="false" >
287-->[com.google.firebase:firebase-messaging:22.0.0] AndroidManifest.xml:44:13-37
288            <intent-filter android:priority="-500" >
288-->src\main\AndroidManifest.xml:77:13-79:29
289                <action android:name="com.google.firebase.MESSAGING_EVENT" />
289-->src\main\AndroidManifest.xml:78:17-77
289-->src\main\AndroidManifest.xml:78:25-75